<?xml version="1.0" encoding="utf-8" standalone="no"?>
<test-run id="0" runstate="Runnable" testcasecount="1" result="Passed" total="1" passed="1" failed="0" inconclusive="0" skipped="0" asserts="1" engine-version="3.11.1.0" clr-version="4.0.30319.42000" start-time="2020-04-17 21:28:51Z" end-time="2020-04-17 21:28:52Z" duration="0.852128">
  <command-line><![CDATA["D:\Capstone\SVAR-UnitTests\net35\nunit3-console.exe" ..\SVAR-UnitTests\bin\Debug\SVAR-UnitTests.dll]]></command-line>
  <test-suite type="Assembly" id="0-1002" name="SVAR-UnitTests.dll" fullname="D:\Capstone\SVAR-UnitTests\SVAR-UnitTests\bin\Debug\SVAR-UnitTests.dll" runstate="Runnable" testcasecount="1" result="Passed" start-time="2020-04-17 21:28:52Z" end-time="2020-04-17 21:28:52Z" duration="0.042713" total="1" passed="1" failed="0" warnings="0" inconclusive="0" skipped="0" asserts="1">
    <environment framework-version="3.12.0.0" clr-version="4.0.30319.42000" os-version="Microsoft Windows NT 10.0.18363.0" platform="Win32NT" cwd="D:\Capstone\SVAR-UnitTests\net35" machine-name="DESKTOP-L9IN46D" user="jason" user-domain="DESKTOP-L9IN46D" culture="en-US" uiculture="en-US" os-architecture="x64" />
    <settings>
      <setting name="DisposeRunners" value="True" />
      <setting name="WorkDirectory" value="D:\Capstone\SVAR-UnitTests\net35" />
      <setting name="ImageRuntimeVersion" value="4.0.30319" />
      <setting name="ImageTargetFrameworkName" value=".NETFramework,Version=v4.7.2" />
      <setting name="ImageRequiresX86" value="False" />
      <setting name="ImageRequiresDefaultAppDomainAssemblyResolver" value="False" />
      <setting name="RuntimeFramework" value="net-4.0" />
      <setting name="NumberOfTestWorkers" value="8" />
    </settings>
    <properties>
      <property name="_PID" value="16288" />
      <property name="_APPDOMAIN" value="domain-" />
    </properties>
    <test-suite type="TestSuite" id="0-1003" name="SVAR_UnitTests" fullname="SVAR_UnitTests" runstate="Runnable" testcasecount="1" result="Passed" start-time="2020-04-17 21:28:52Z" end-time="2020-04-17 21:28:52Z" duration="0.023980" total="1" passed="1" failed="0" warnings="0" inconclusive="0" skipped="0" asserts="1">
      <test-suite type="TestFixture" id="0-1000" name="Tests" fullname="SVAR_UnitTests.Tests" classname="SVAR_UnitTests.Tests" runstate="Runnable" testcasecount="1" result="Passed" start-time="2020-04-17 21:28:52Z" end-time="2020-04-17 21:28:52Z" duration="0.019394" total="1" passed="1" failed="0" warnings="0" inconclusive="0" skipped="0" asserts="1">
        <test-case id="0-1001" name="test1" fullname="SVAR_UnitTests.Tests.test1" methodname="test1" classname="SVAR_UnitTests.Tests" runstate="Runnable" seed="1741166515" result="Passed" start-time="2020-04-17 21:28:52Z" end-time="2020-04-17 21:28:52Z" duration="0.008947" asserts="1" />
      </test-suite>
    </test-suite>
  </test-suite>
</test-run>